<?xml version="1.0" encoding="UTF-8"?>
<!-- Generated by org.testng.reporters.JUnitReportReporter -->
<testsuite skipped="0" hostname="dell" name="BootstrapDropDown" tests="1" failures="0" timestamp="01 авг 2017 17:36:55 GMT" time="0.563" errors="0">
  <testcase name="Test" time="0.563" classname="BootstrapDropDown"/>
</testsuite> <!-- BootstrapDropDown -->
