<?xml version="1.0" encoding="UTF-8"?>
<!-- Generated by org.testng.reporters.JUnitReportReporter -->
<testsuite skipped="0" hostname="dell" name="HandleMultipleWindows.HandelWindow3" tests="1" failures="0" timestamp="12 авг 2017 14:42:53 GMT" time="38.192" errors="0">
  <testcase name="testHandelWindow" time="38.192" classname="HandleMultipleWindows.HandelWindow3"/>
</testsuite> <!-- HandleMultipleWindows.HandelWindow3 -->
