<?xml version="1.0" encoding="UTF-8"?>
<!-- Generated by org.testng.reporters.JUnitReportReporter -->
<testsuite skipped="0" hostname="dell" name="Verify.VerifyErrorMessage" tests="1" failures="0" timestamp="09 авг 2017 17:18:43 GMT" time="2.744" errors="0">
  <testcase name="main" time="2.744" classname="Verify.VerifyErrorMessage"/>
</testsuite> <!-- Verify.VerifyErrorMessage -->
