<?xml version="1.0" encoding="UTF-8"?>
<!-- Generated by org.testng.reporters.JUnitReportReporter -->
<testsuite skipped="0" hostname="dell" name="Wait.MainWait" tests="1" failures="0" timestamp="09 авг 2017 18:10:40 GMT" time="6.644" errors="0">
  <testcase name="ExpWaiyt" time="6.644" classname="Wait.MainWait"/>
</testsuite> <!-- Wait.MainWait -->
