<?xml version="1.0" encoding="UTF-8"?>
<!-- Generated by org.testng.reporters.JUnitReportReporter -->
<testsuite skipped="0" hostname="dell" name="HandleMultipleWindows.HandelWindow1" tests="1" failures="0" timestamp="12 авг 2017 13:17:34 GMT" time="6.025" errors="0">
  <testcase name="testHandelWindow" time="6.025" classname="HandleMultipleWindows.HandelWindow1"/>
</testsuite> <!-- HandleMultipleWindows.HandelWindow1 -->
