<?xml version="1.0" encoding="UTF-8"?>
<!-- Generated by org.testng.reporters.JUnitReportReporter -->
<testsuite skipped="0" hostname="dell" name="CheckAndRadioButtons" tests="1" failures="0" timestamp="01 авг 2017 18:07:43 GMT" time="6.496" errors="0">
  <testcase name="Test" time="6.496" classname="CheckAndRadioButtons"/>
</testsuite> <!-- CheckAndRadioButtons -->
