<?xml version="1.0" encoding="UTF-8"?>
<!-- Generated by org.testng.reporters.JUnitReportReporter -->
<testsuite skipped="0" hostname="dell" name="HandleMultipleWindows.HandelWindow2" tests="1" failures="0" timestamp="12 авг 2017 14:04:00 GMT" time="0.121" errors="0">
  <testcase name="testHandelWindow" time="0.121" classname="HandleMultipleWindows.HandelWindow2"/>
</testsuite> <!-- HandleMultipleWindows.HandelWindow2 -->
