<?xml version="1.0" encoding="UTF-8"?>
<!-- Generated by org.testng.reporters.JUnitReportReporter -->
<testsuite skipped="0" hostname="dell" name="Wait.FluentWaitDemo" tests="1" failures="0" timestamp="09 авг 2017 18:58:23 GMT" time="6.879" errors="0">
  <testcase name="FlWait" time="6.879" classname="Wait.FluentWaitDemo"/>
</testsuite> <!-- Wait.FluentWaitDemo -->
